<?xml version="1.0" encoding="UTF-8"?>
<coverage generated="1759795169033" clover="3.2.0">
  <project timestamp="1759795169034" name="All files">
    <metrics statements="22" coveredstatements="21" conditionals="12" coveredconditionals="6" methods="2" coveredmethods="2" elements="36" coveredelements="29" complexity="0" loc="22" ncloc="22" packages="3" files="3" classes="3"/>
    <package name="src">
      <metrics statements="9" coveredstatements="8" conditionals="12" coveredconditionals="6" methods="0" coveredmethods="0"/>
      <file name="data-source.ts" path="C:\Users\hp\Documents\Coding\event-management-backend\src\data-source.ts">
        <metrics statements="9" coveredstatements="8" conditionals="12" coveredconditionals="6" methods="0" coveredmethods="0"/>
        <line num="1" count="2" type="stmt"/>
        <line num="2" count="2" type="stmt"/>
        <line num="3" count="2" type="stmt"/>
        <line num="4" count="2" type="stmt"/>
        <line num="5" count="2" type="stmt"/>
        <line num="7" count="2" type="cond" truecount="1" falsecount="1"/>
        <line num="8" count="2" type="stmt"/>
        <line num="10" count="0" type="stmt"/>
        <line num="13" count="2" type="stmt"/>
      </file>
    </package>
    <package name="src.entity">
      <metrics statements="6" coveredstatements="6" conditionals="0" coveredconditionals="0" methods="0" coveredmethods="0"/>
      <file name="User.ts" path="C:\Users\hp\Documents\Coding\event-management-backend\src\entity\User.ts">
        <metrics statements="6" coveredstatements="6" conditionals="0" coveredconditionals="0" methods="0" coveredmethods="0"/>
        <line num="1" count="2" type="stmt"/>
        <line num="4" count="2" type="stmt"/>
        <line num="6" count="2" type="stmt"/>
        <line num="9" count="2" type="stmt"/>
        <line num="12" count="2" type="stmt"/>
        <line num="15" count="2" type="stmt"/>
      </file>
    </package>
    <package name="src.utils">
      <metrics statements="7" coveredstatements="7" conditionals="0" coveredconditionals="0" methods="2" coveredmethods="2"/>
      <file name="hash.ts" path="C:\Users\hp\Documents\Coding\event-management-backend\src\utils\hash.ts">
        <metrics statements="7" coveredstatements="7" conditionals="0" coveredconditionals="0" methods="2" coveredmethods="2"/>
        <line num="1" count="1" type="stmt"/>
        <line num="2" count="1" type="stmt"/>
        <line num="4" count="1" type="stmt"/>
        <line num="5" count="3" type="stmt"/>
        <line num="6" count="3" type="stmt"/>
        <line num="9" count="1" type="stmt"/>
        <line num="10" count="2" type="stmt"/>
      </file>
    </package>
  </project>
</coverage>
