{"C:\\Users\\hp\\Documents\\Coding\\event-management-backend\\src\\data-source.ts": {"path":"C:\\Users\\hp\\Documents\\Coding\\event-management-backend\\src\\data-source.ts","statementMap":{"0":{"start":{"line":1,"column":0},"end":{"line":1,"column":26}},"1":{"start":{"line":2,"column":0},"end":{"line":2,"column":37}},"2":{"start":{"line":3,"column":0},"end":{"line":3,"column":37}},"3":{"start":{"line":4,"column":0},"end":{"line":4,"column":28}},"4":{"start":{"line":5,"column":0},"end":{"line":5,"column":24}},"5":{"start":{"line":7,"column":0},"end":{"line":11,"column":1}},"6":{"start":{"line":8,"column":2},"end":{"line":8,"column":67}},"7":{"start":{"line":10,"column":2},"end":{"line":10,"column":18}},"8":{"start":{"line":13,"column":13},"end":{"line":25,"column":3}}},"fnMap":{},"branchMap":{"0":{"loc":{"start":{"line":7,"column":0},"end":{"line":11,"column":1}},"type":"if","locations":[{"start":{"line":7,"column":0},"end":{"line":11,"column":1}},{"start":{"line":9,"column":7},"end":{"line":11,"column":1}}]},"1":{"loc":{"start":{"line":15,"column":9},"end":{"line":15,"column":48}},"type":"binary-expr","locations":[{"start":{"line":15,"column":9},"end":{"line":15,"column":33}},{"start":{"line":15,"column":37},"end":{"line":15,"column":48}}]},"2":{"loc":{"start":{"line":16,"column":8},"end":{"line":16,"column":48}},"type":"binary-expr","locations":[{"start":{"line":16,"column":8},"end":{"line":16,"column":40}},{"start":{"line":16,"column":44},"end":{"line":16,"column":48}}]},"3":{"loc":{"start":{"line":17,"column":12},"end":{"line":17,"column":50}},"type":"binary-expr","locations":[{"start":{"line":17,"column":12},"end":{"line":17,"column":40}},{"start":{"line":17,"column":44},"end":{"line":17,"column":50}}]},"4":{"loc":{"start":{"line":18,"column":12},"end":{"line":18,"column":50}},"type":"binary-expr","locations":[{"start":{"line":18,"column":12},"end":{"line":18,"column":40}},{"start":{"line":18,"column":44},"end":{"line":18,"column":50}}]},"5":{"loc":{"start":{"line":19,"column":12},"end":{"line":19,"column":50}},"type":"binary-expr","locations":[{"start":{"line":19,"column":12},"end":{"line":19,"column":40}},{"start":{"line":19,"column":44},"end":{"line":19,"column":50}}]}},"s":{"0":2,"1":2,"2":2,"3":2,"4":2,"5":2,"6":2,"7":0,"8":2},"f":{},"b":{"0":[2,0],"1":[2,0],"2":[2,0],"3":[2,0],"4":[2,0],"5":[2,0]}}
,"C:\\Users\\hp\\Documents\\Coding\\event-management-backend\\src\\entity\\User.ts": {"path":"C:\\Users\\hp\\Documents\\Coding\\event-management-backend\\src\\entity\\User.ts","statementMap":{"0":{"start":{"line":1,"column":0},"end":{"line":1,"column":65}},"1":{"start":{"line":4,"column":7},"end":{"line":16,"column":null}},"2":{"start":{"line":4,"column":13},"end":{"line":4,"column":17}},"3":{"start":{"line":6,"column":2},"end":{"line":6,"column":null}},"4":{"start":{"line":9,"column":2},"end":{"line":9,"column":null}},"5":{"start":{"line":12,"column":2},"end":{"line":12,"column":null}},"6":{"start":{"line":15,"column":2},"end":{"line":15,"column":null}},"7":{"start":{"line":4,"column":13},"end":{"line":16,"column":null}}},"fnMap":{},"branchMap":{},"s":{"0":2,"1":2,"2":2,"3":2,"4":2,"5":2,"6":2,"7":2},"f":{},"b":{}}
,"C:\\Users\\hp\\Documents\\Coding\\event-management-backend\\src\\utils\\hash.ts": {"path":"C:\\Users\\hp\\Documents\\Coding\\event-management-backend\\src\\utils\\hash.ts","statementMap":{"0":{"start":{"line":1,"column":0},"end":{"line":1,"column":28}},"1":{"start":{"line":2,"column":20},"end":{"line":2,"column":30}},"2":{"start":{"line":4,"column":28},"end":{"line":7,"column":1}},"3":{"start":{"line":5,"column":19},"end":{"line":5,"column":58}},"4":{"start":{"line":6,"column":4},"end":{"line":6,"column":18}},"5":{"start":{"line":4,"column":13},"end":{"line":4,"column":28}},"6":{"start":{"line":9,"column":31},"end":{"line":11,"column":1}},"7":{"start":{"line":10,"column":4},"end":{"line":10,"column":null}},"8":{"start":{"line":9,"column":13},"end":{"line":9,"column":31}}},"fnMap":{"0":{"name":"(anonymous_1)","decl":{"start":{"line":4,"column":28},"end":{"line":4,"column":33}},"loc":{"start":{"line":4,"column":69},"end":{"line":7,"column":1}}},"1":{"name":"(anonymous_2)","decl":{"start":{"line":9,"column":31},"end":{"line":9,"column":36}},"loc":{"start":{"line":9,"column":95},"end":{"line":11,"column":1}}}},"branchMap":{},"s":{"0":1,"1":1,"2":1,"3":3,"4":3,"5":1,"6":1,"7":2,"8":1},"f":{"0":3,"1":2},"b":{}}
}
