TN:
SF:src\data-source.ts
FNF:0
FNH:0
DA:1,2
DA:2,2
DA:3,2
DA:4,2
DA:5,2
DA:7,2
DA:8,2
DA:10,0
DA:13,2
LF:9
LH:8
BRDA:7,0,0,2
BRDA:7,0,1,0
BRDA:15,1,0,2
BRDA:15,1,1,0
BRDA:16,2,0,2
BRDA:16,2,1,0
BRDA:17,3,0,2
BRDA:17,3,1,0
BRDA:18,4,0,2
BRDA:18,4,1,0
BRDA:19,5,0,2
BRDA:19,5,1,0
BRF:12
BRH:6
end_of_record
TN:
SF:src\entity\User.ts
FNF:0
FNH:0
DA:1,2
DA:4,2
DA:6,2
DA:9,2
DA:12,2
DA:15,2
LF:6
LH:6
BRF:0
BRH:0
end_of_record
TN:
SF:src\utils\hash.ts
FN:4,(anonymous_1)
FN:9,(anonymous_2)
FNF:2
FNH:2
FNDA:3,(anonymous_1)
FNDA:2,(anonymous_2)
DA:1,1
DA:2,1
DA:4,1
DA:5,3
DA:6,3
DA:9,1
DA:10,2
LF:7
LH:7
BRF:0
BRH:0
end_of_record
